<?xml version="1.0" encoding="UTF-8"?>
<!-- Generated by org.testng.reporters.JUnitReportReporter -->
<testsuite hostname="SarthakDell" failures="0" tests="3" name="com.qa.tutorialsninja.TestCases.SearchProductTest" time="17.475" errors="0" timestamp="2023-09-19T18:23:12 GMT-04:00" skipped="0">
  <testcase classname="com.qa.tutorialsninja.TestCases.SearchProductTest" name="verifySearchWithValidProduct" time="5.535"/>
  <testcase classname="com.qa.tutorialsninja.TestCases.SearchProductTest" name="verifySearchWithInvalidProduct" time="5.888"/>
  <testcase classname="com.qa.tutorialsninja.TestCases.SearchProductTest" name="verifySearchWithNoProduct" time="6.052"/>
</testsuite> <!-- com.qa.tutorialsninja.TestCases.SearchProductTest -->
