<?xml version="1.0" encoding="UTF-8"?>
<!-- Generated by org.testng.reporters.JUnitReportReporter -->
<testsuite hostname="SarthakDell" failures="0" tests="1" name="com.qa.tutorialsninja.TestCases.LoginTest" time="8.070" errors="0" timestamp="2023-09-19T20:42:39 GMT-04:00" skipped="0">
  <testcase classname="com.qa.tutorialsninja.TestCases.LoginTest" name="verifyLoginWithValidEmailInvalidPassword" time="8.070"/>
</testsuite> <!-- com.qa.tutorialsninja.TestCases.LoginTest -->
