<?xml version="1.0" encoding="UTF-8"?>
<!-- Generated by org.testng.reporters.JUnitReportReporter -->
<testsuite hostname="SarthakDell" failures="0" tests="3" name="com.qa.tutorialsninja.TestCases.SearchProductTest" time="14.885" errors="0" timestamp="2023-09-15T01:09:48 GMT-04:00" skipped="0">
  <testcase classname="com.qa.tutorialsninja.TestCases.SearchProductTest" name="verifySearchWithValidProduct" time="5.033"/>
  <testcase classname="com.qa.tutorialsninja.TestCases.SearchProductTest" name="verifySearchWithInvalidProduct" time="5.219"/>
  <testcase classname="com.qa.tutorialsninja.TestCases.SearchProductTest" name="verifySearchWithNoProduct" time="4.633"/>
</testsuite> <!-- com.qa.tutorialsninja.TestCases.SearchProductTest -->
