<?xml version="1.0" encoding="UTF-8"?>
<!-- Generated by org.testng.reporters.JUnitReportReporter -->
<testsuite hostname="SarthakDell" failures="0" tests="4" name="com.qa.tutorialsninja.TestCases.RegisterTest" time="17.016" errors="0" timestamp="2023-09-19T21:19:44 GMT-04:00" skipped="2">
  <testcase classname="com.qa.tutorialsninja.TestCases.RegisterTest" name="verifyRegisterWithMandatoryDetails" time="9.862"/>
  <testcase classname="com.qa.tutorialsninja.TestCases.RegisterTest" name="verifyRegisterWithNoDetails" time="7.154"/>
  <testcase classname="com.qa.tutorialsninja.TestCases.RegisterTest" name="verifyRegisterWithAllDetails">
    <skipped/>
  </testcase> <!-- verifyRegisterWithAllDetails -->
  <testcase classname="com.qa.tutorialsninja.TestCases.RegisterTest" name="verifyRegisterWithExistingEmail">
    <skipped/>
  </testcase> <!-- verifyRegisterWithExistingEmail -->
</testsuite> <!-- com.qa.tutorialsninja.TestCases.RegisterTest -->
